# JRE version: OpenJDK Runtime Environment Temurin-21.0.8+9 (21.0.8+9) (build 21.0.8+9-LTS)
# Java VM: OpenJDK 64-Bit Server VM Temurin-21.0.8+9 (21.0.8+9-LTS, mixed mode, sharing, tiered, compressed oops, compressed class ptrs, parallel gc, windows-amd64)
GC Precious Log:
 CardTable entry size: 512
 CPUs: 8 total, 8 available
 Memory: 6030M
 Large Page Support: Disabled
 NUMA Support: Disabled
 Compressed Oops: Enabled (32-bit)
 Alignments: Space 512K, Generation 512K, Heap 2M
 Heap Min Capacity: 100M
 Heap Initial Capacity: 100M
 Heap Max Capacity: 2G
 Pre-touch: Disabled
 Parallel Workers: 8
Heap:
 PSYoungGen      total 5120K, used 1447K [0x00000000d5580000, 0x00000000d5d80000, 0x0000000100000000)
  eden space 4096K, 16% used [0x00000000d5580000,0x00000000d5624d08,0x00000000d5980000)
  from space 1024K, 77% used [0x00000000d5c80000,0x00000000d5d45200,0x00000000d5d80000)
  to   space 1024K, 0% used [0x00000000d5b80000,0x00000000d5b80000,0x00000000d5c80000)
 ParOldGen       total 913920K, used 564381K [0x0000000080000000, 0x00000000b7c80000, 0x00000000d5580000)
  object space 913920K, 61% used [0x0000000080000000,0x00000000a2727658,0x00000000b7c80000)
 Metaspace       used 89968K, committed 91840K, reserved 1179648K
  class space    used 9386K, committed 10240K, reserved 1048576K
GC Heap History (20 events):
Event: 1717.423 GC heap before
{Heap before GC invocations=1929 (full 4):
 PSYoungGen      total 8704K, used 8372K [0x00000000d5580000, 0x00000000d6180000, 0x0000000100000000)
  eden space 7680K, 100% used [0x00000000d5580000,0x00000000d5d00000,0x00000000d5d00000)
  from space 1024K, 67% used [0x00000000d6080000,0x00000000d612d200,0x00000000d6180000)
  to   space 1024K, 0% used [0x00000000d5f80000,0x00000000d5f80000,0x00000000d6080000)
 ParOldGen       total 913920K, used 552721K [0x0000000080000000, 0x00000000b7c80000, 0x00000000d5580000)
  object space 913920K, 60% used [0x0000000080000000,0x00000000a1bc47c0,0x00000000b7c80000)
 Metaspace       used 89895K, committed 91776K, reserved 1179648K
  class space    used 9377K, committed 10240K, reserved 1048576K
}
Event: 1717.427 GC heap after
{Heap after GC invocations=1929 (full 4):
 PSYoungGen      total 8704K, used 692K [0x00000000d5580000, 0x00000000d6100000, 0x0000000100000000)
  eden space 7680K, 0% used [0x00000000d5580000,0x00000000d5580000,0x00000000d5d00000)
  from space 1024K, 67% used [0x00000000d5f80000,0x00000000d602d200,0x00000000d6080000)
  to   space 512K, 0% used [0x00000000d6080000,0x00000000d6080000,0x00000000d6100000)
 ParOldGen       total 913920K, used 552833K [0x0000000080000000, 0x00000000b7c80000, 0x00000000d5580000)
  object space 913920K, 60% used [0x0000000080000000,0x00000000a1be07c0,0x00000000b7c80000)
 Metaspace       used 89895K, committed 91776K, reserved 1179648K
  class space    used 9377K, committed 10240K, reserved 1048576K
}
Event: 1718.019 GC heap before
{Heap before GC invocations=1930 (full 4):
 PSYoungGen      total 8704K, used 8372K [0x00000000d5580000, 0x00000000d6100000, 0x0000000100000000)
  eden space 7680K, 100% used [0x00000000d5580000,0x00000000d5d00000,0x00000000d5d00000)
  from space 1024K, 67% used [0x00000000d5f80000,0x00000000d602d200,0x00000000d6080000)
  to   space 512K, 0% used [0x00000000d6080000,0x00000000d6080000,0x00000000d6100000)
 ParOldGen       total 913920K, used 552833K [0x0000000080000000, 0x00000000b7c80000, 0x00000000d5580000)
  object space 913920K, 60% used [0x0000000080000000,0x00000000a1be07c0,0x00000000b7c80000)
 Metaspace       used 89907K, committed 91776K, reserved 1179648K
  class space    used 9378K, committed 10240K, reserved 1048576K
}
Event: 1718.067 GC heap after
{Heap after GC invocations=1930 (full 4):
 PSYoungGen      total 4608K, used 506K [0x00000000d5580000, 0x00000000d6b00000, 0x0000000100000000)
  eden space 4096K, 0% used [0x00000000d5580000,0x00000000d5580000,0x00000000d5980000)
  from space 512K, 98% used [0x00000000d6080000,0x00000000d60fe900,0x00000000d6100000)
  to   space 7168K, 0% used [0x00000000d5980000,0x00000000d5980000,0x00000000d6080000)
 ParOldGen       total 913920K, used 558505K [0x0000000080000000, 0x00000000b7c80000, 0x00000000d5580000)
  object space 913920K, 61% used [0x0000000080000000,0x00000000a216a6b0,0x00000000b7c80000)
 Metaspace       used 89907K, committed 91776K, reserved 1179648K
  class space    used 9378K, committed 10240K, reserved 1048576K
}
Event: 1718.129 GC heap before
{Heap before GC invocations=1931 (full 4):
 PSYoungGen      total 4608K, used 4602K [0x00000000d5580000, 0x00000000d6b00000, 0x0000000100000000)
  eden space 4096K, 100% used [0x00000000d5580000,0x00000000d5980000,0x00000000d5980000)
  from space 512K, 98% used [0x00000000d6080000,0x00000000d60fe900,0x00000000d6100000)
  to   space 7168K, 0% used [0x00000000d5980000,0x00000000d5980000,0x00000000d6080000)
 ParOldGen       total 913920K, used 558505K [0x0000000080000000, 0x00000000b7c80000, 0x00000000d5580000)
  object space 913920K, 61% used [0x0000000080000000,0x00000000a216a6b0,0x00000000b7c80000)
 Metaspace       used 89907K, committed 91776K, reserved 1179648K
  class space    used 9378K, committed 10240K, reserved 1048576K
}
Event: 1718.139 GC heap after
{Heap after GC invocations=1931 (full 4):
 PSYoungGen      total 7168K, used 2932K [0x00000000d5580000, 0x00000000d6180000, 0x0000000100000000)
  eden space 4096K, 0% used [0x00000000d5580000,0x00000000d5580000,0x00000000d5980000)
  from space 3072K, 95% used [0x00000000d5980000,0x00000000d5c5d200,0x00000000d5c80000)
  to   space 4096K, 0% used [0x00000000d5d80000,0x00000000d5d80000,0x00000000d6180000)
 ParOldGen       total 913920K, used 558997K [0x0000000080000000, 0x00000000b7c80000, 0x00000000d5580000)
  object space 913920K, 61% used [0x0000000080000000,0x00000000a21e56c0,0x00000000b7c80000)
 Metaspace       used 89907K, committed 91776K, reserved 1179648K
  class space    used 9378K, committed 10240K, reserved 1048576K
}
Event: 1719.004 GC heap before
{Heap before GC invocations=1932 (full 4):
 PSYoungGen      total 7168K, used 7028K [0x00000000d5580000, 0x00000000d6180000, 0x0000000100000000)
  eden space 4096K, 99% used [0x00000000d5580000,0x00000000d597ff98,0x00000000d5980000)
  from space 3072K, 95% used [0x00000000d5980000,0x00000000d5c5d200,0x00000000d5c80000)
  to   space 4096K, 0% used [0x00000000d5d80000,0x00000000d5d80000,0x00000000d6180000)
 ParOldGen       total 913920K, used 558997K [0x0000000080000000, 0x00000000b7c80000, 0x00000000d5580000)
  object space 913920K, 61% used [0x0000000080000000,0x00000000a21e56c0,0x00000000b7c80000)
 Metaspace       used 89929K, committed 91840K, reserved 1179648K
  class space    used 9383K, committed 10240K, reserved 1048576K
}
Event: 1719.021 GC heap after
{Heap after GC invocations=1932 (full 4):
 PSYoungGen      total 4608K, used 160K [0x00000000d5580000, 0x00000000d5e00000, 0x0000000100000000)
  eden space 4096K, 0% used [0x00000000d5580000,0x00000000d5580000,0x00000000d5980000)
  from space 512K, 31% used [0x00000000d5d80000,0x00000000d5da8000,0x00000000d5e00000)
  to   space 1536K, 0% used [0x00000000d5b00000,0x00000000d5b00000,0x00000000d5c80000)
 ParOldGen       total 913920K, used 561586K [0x0000000080000000, 0x00000000b7c80000, 0x00000000d5580000)
  object space 913920K, 61% used [0x0000000080000000,0x00000000a246c8c0,0x00000000b7c80000)
 Metaspace       used 89929K, committed 91840K, reserved 1179648K
  class space    used 9383K, committed 10240K, reserved 1048576K
}
Event: 1722.269 GC heap before
{Heap before GC invocations=1933 (full 4):
 PSYoungGen      total 4608K, used 4256K [0x00000000d5580000, 0x00000000d5e00000, 0x0000000100000000)
  eden space 4096K, 100% used [0x00000000d5580000,0x00000000d5980000,0x00000000d5980000)
  from space 512K, 31% used [0x00000000d5d80000,0x00000000d5da8000,0x00000000d5e00000)
  to   space 1536K, 0% used [0x00000000d5b00000,0x00000000d5b00000,0x00000000d5c80000)
 ParOldGen       total 913920K, used 561586K [0x0000000080000000, 0x00000000b7c80000, 0x00000000d5580000)
  object space 913920K, 61% used [0x0000000080000000,0x00000000a246c8c0,0x00000000b7c80000)
 Metaspace       used 89931K, committed 91840K, reserved 1179648K
  class space    used 9383K, committed 10240K, reserved 1048576K
}
Event: 1722.275 GC heap after
{Heap after GC invocations=1933 (full 4):
 PSYoungGen      total 5632K, used 756K [0x00000000d5580000, 0x00000000d5e00000, 0x0000000100000000)
  eden space 4096K, 0% used [0x00000000d5580000,0x00000000d5580000,0x00000000d5980000)
  from space 1536K, 49% used [0x00000000d5b00000,0x00000000d5bbd200,0x00000000d5c80000)
  to   space 1024K, 0% used [0x00000000d5d00000,0x00000000d5d00000,0x00000000d5e00000)
 ParOldGen       total 913920K, used 561642K [0x0000000080000000, 0x00000000b7c80000, 0x00000000d5580000)
  object space 913920K, 61% used [0x0000000080000000,0x00000000a247a8c0,0x00000000b7c80000)
 Metaspace       used 89931K, committed 91840K, reserved 1179648K
  class space    used 9383K, committed 10240K, reserved 1048576K
}
Event: 1723.011 GC heap before
{Heap before GC invocations=1934 (full 4):
 PSYoungGen      total 5632K, used 4852K [0x00000000d5580000, 0x00000000d5e00000, 0x0000000100000000)
  eden space 4096K, 100% used [0x00000000d5580000,0x00000000d5980000,0x00000000d5980000)
  from space 1536K, 49% used [0x00000000d5b00000,0x00000000d5bbd200,0x00000000d5c80000)
  to   space 1024K, 0% used [0x00000000d5d00000,0x00000000d5d00000,0x00000000d5e00000)
 ParOldGen       total 913920K, used 561642K [0x0000000080000000, 0x00000000b7c80000, 0x00000000d5580000)
  object space 913920K, 61% used [0x0000000080000000,0x00000000a247a8c0,0x00000000b7c80000)
 Metaspace       used 89935K, committed 91840K, reserved 1179648K
  class space    used 9383K, committed 10240K, reserved 1048576K
}
Event: 1723.019 GC heap after
{Heap after GC invocations=1934 (full 4):
 PSYoungGen      total 5120K, used 676K [0x00000000d5580000, 0x00000000d5e00000, 0x0000000100000000)
  eden space 4096K, 0% used [0x00000000d5580000,0x00000000d5580000,0x00000000d5980000)
  from space 1024K, 66% used [0x00000000d5d00000,0x00000000d5da9210,0x00000000d5e00000)
  to   space 1024K, 0% used [0x00000000d5c00000,0x00000000d5c00000,0x00000000d5d00000)
 ParOldGen       total 913920K, used 562235K [0x0000000080000000, 0x00000000b7c80000, 0x00000000d5580000)
  object space 913920K, 61% used [0x0000000080000000,0x00000000a250ee20,0x00000000b7c80000)
 Metaspace       used 89935K, committed 91840K, reserved 1179648K
  class space    used 9383K, committed 10240K, reserved 1048576K
}
Event: 1723.126 GC heap before
{Heap before GC invocations=1935 (full 4):
 PSYoungGen      total 5120K, used 4772K [0x00000000d5580000, 0x00000000d5e00000, 0x0000000100000000)
  eden space 4096K, 99% used [0x00000000d5580000,0x00000000d597fff0,0x00000000d5980000)
  from space 1024K, 66% used [0x00000000d5d00000,0x00000000d5da9210,0x00000000d5e00000)
  to   space 1024K, 0% used [0x00000000d5c00000,0x00000000d5c00000,0x00000000d5d00000)
 ParOldGen       total 913920K, used 562235K [0x0000000080000000, 0x00000000b7c80000, 0x00000000d5580000)
  object space 913920K, 61% used [0x0000000080000000,0x00000000a250ee20,0x00000000b7c80000)
 Metaspace       used 89935K, committed 91840K, reserved 1179648K
  class space    used 9383K, committed 10240K, reserved 1048576K
}
Event: 1723.132 GC heap after
{Heap after GC invocations=1935 (full 4):
 PSYoungGen      total 5120K, used 852K [0x00000000d5580000, 0x00000000d5d80000, 0x0000000100000000)
  eden space 4096K, 0% used [0x00000000d5580000,0x00000000d5580000,0x00000000d5980000)
  from space 1024K, 83% used [0x00000000d5c00000,0x00000000d5cd5220,0x00000000d5d00000)
  to   space 512K, 0% used [0x00000000d5d00000,0x00000000d5d00000,0x00000000d5d80000)
 ParOldGen       total 913920K, used 562792K [0x0000000080000000, 0x00000000b7c80000, 0x00000000d5580000)
  object space 913920K, 61% used [0x0000000080000000,0x00000000a259a0d0,0x00000000b7c80000)
 Metaspace       used 89935K, committed 91840K, reserved 1179648K
  class space    used 9383K, committed 10240K, reserved 1048576K
}
Event: 1723.345 GC heap before
{Heap before GC invocations=1936 (full 4):
 PSYoungGen      total 5120K, used 4948K [0x00000000d5580000, 0x00000000d5d80000, 0x0000000100000000)
  eden space 4096K, 100% used [0x00000000d5580000,0x00000000d5980000,0x00000000d5980000)
  from space 1024K, 83% used [0x00000000d5c00000,0x00000000d5cd5220,0x00000000d5d00000)
  to   space 512K, 0% used [0x00000000d5d00000,0x00000000d5d00000,0x00000000d5d80000)
 ParOldGen       total 913920K, used 562792K [0x0000000080000000, 0x00000000b7c80000, 0x00000000d5580000)
  object space 913920K, 61% used [0x0000000080000000,0x00000000a259a0d0,0x00000000b7c80000)
 Metaspace       used 89942K, committed 91840K, reserved 1179648K
  class space    used 9384K, committed 10240K, reserved 1048576K
}
Event: 1723.357 GC heap after
{Heap after GC invocations=1936 (full 4):
 PSYoungGen      total 4608K, used 512K [0x00000000d5580000, 0x00000000d5d80000, 0x0000000100000000)
  eden space 4096K, 0% used [0x00000000d5580000,0x00000000d5580000,0x00000000d5980000)
  from space 512K, 100% used [0x00000000d5d00000,0x00000000d5d80000,0x00000000d5d80000)
  to   space 2048K, 0% used [0x00000000d5980000,0x00000000d5980000,0x00000000d5b80000)
 ParOldGen       total 913920K, used 563752K [0x0000000080000000, 0x00000000b7c80000, 0x00000000d5580000)
  object space 913920K, 61% used [0x0000000080000000,0x00000000a268a3d0,0x00000000b7c80000)
 Metaspace       used 89942K, committed 91840K, reserved 1179648K
  class space    used 9384K, committed 10240K, reserved 1048576K
}
Event: 1723.646 GC heap before
{Heap before GC invocations=1937 (full 4):
 PSYoungGen      total 4608K, used 4607K [0x00000000d5580000, 0x00000000d5d80000, 0x0000000100000000)
  eden space 4096K, 99% used [0x00000000d5580000,0x00000000d597fff0,0x00000000d5980000)
  from space 512K, 100% used [0x00000000d5d00000,0x00000000d5d80000,0x00000000d5d80000)
  to   space 2048K, 0% used [0x00000000d5980000,0x00000000d5980000,0x00000000d5b80000)
 ParOldGen       total 913920K, used 563752K [0x0000000080000000, 0x00000000b7c80000, 0x00000000d5580000)
  object space 913920K, 61% used [0x0000000080000000,0x00000000a268a3d0,0x00000000b7c80000)
 Metaspace       used 89944K, committed 91840K, reserved 1179648K
  class space    used 9384K, committed 10240K, reserved 1048576K
}
Event: 1723.653 GC heap after
{Heap after GC invocations=1937 (full 4):
 PSYoungGen      total 6144K, used 724K [0x00000000d5580000, 0x00000000d5d80000, 0x0000000100000000)
  eden space 4096K, 0% used [0x00000000d5580000,0x00000000d5580000,0x00000000d5980000)
  from space 2048K, 35% used [0x00000000d5980000,0x00000000d5a35200,0x00000000d5b80000)
  to   space 1024K, 0% used [0x00000000d5c80000,0x00000000d5c80000,0x00000000d5d80000)
 ParOldGen       total 913920K, used 564272K [0x0000000080000000, 0x00000000b7c80000, 0x00000000d5580000)
  object space 913920K, 61% used [0x0000000080000000,0x00000000a270c3d0,0x00000000b7c80000)
 Metaspace       used 89944K, committed 91840K, reserved 1179648K
  class space    used 9384K, committed 10240K, reserved 1048576K
}
Event: 1723.934 GC heap before
{Heap before GC invocations=1938 (full 4):
 PSYoungGen      total 6144K, used 4820K [0x00000000d5580000, 0x00000000d5d80000, 0x0000000100000000)
  eden space 4096K, 100% used [0x00000000d5580000,0x00000000d5980000,0x00000000d5980000)
  from space 2048K, 35% used [0x00000000d5980000,0x00000000d5a35200,0x00000000d5b80000)
  to   space 1024K, 0% used [0x00000000d5c80000,0x00000000d5c80000,0x00000000d5d80000)
 ParOldGen       total 913920K, used 564272K [0x0000000080000000, 0x00000000b7c80000, 0x00000000d5580000)
  object space 913920K, 61% used [0x0000000080000000,0x00000000a270c3d0,0x00000000b7c80000)
 Metaspace       used 89968K, committed 91840K, reserved 1179648K
  class space    used 9386K, committed 10240K, reserved 1048576K
}
Event: 1723.941 GC heap after
{Heap after GC invocations=1938 (full 4):
 PSYoungGen      total 5120K, used 788K [0x00000000d5580000, 0x00000000d5d80000, 0x0000000100000000)
  eden space 4096K, 0% used [0x00000000d5580000,0x00000000d5580000,0x00000000d5980000)
  from space 1024K, 77% used [0x00000000d5c80000,0x00000000d5d45200,0x00000000d5d80000)
  to   space 1024K, 0% used [0x00000000d5b80000,0x00000000d5b80000,0x00000000d5c80000)
 ParOldGen       total 913920K, used 564381K [0x0000000080000000, 0x00000000b7c80000, 0x00000000d5580000)
  object space 913920K, 61% used [0x0000000080000000,0x00000000a2727658,0x00000000b7c80000)
 Metaspace       used 89968K, committed 91840K, reserved 1179648K
  class space    used 9386K, committed 10240K, reserved 1048576K
}

