# JRE version: OpenJDK Runtime Environment Temurin-21.0.9+10 (21.0.9+10) (build 21.0.9+10-LTS)
# Java VM: OpenJDK 64-Bit Server VM Temurin-21.0.9+10 (21.0.9+10-LTS, mixed mode, sharing, tiered, compressed oops, compressed class ptrs, parallel gc, windows-amd64)
GC Precious Log:
 CardTable entry size: 512
 CPUs: 8 total, 8 available
 Memory: 6030M
 Large Page Support: Disabled
 NUMA Support: Disabled
 Compressed Oops: Enabled (32-bit)
 Alignments: Space 512K, Generation 512K, Heap 2M
 Heap Min Capacity: 100M
 Heap Initial Capacity: 100M
 Heap Max Capacity: 2G
 Pre-touch: Disabled
 Parallel Workers: 8
Heap:
 PSYoungGen      total 3072K, used 1075K [0x00000000d5580000, 0x00000000d5980000, 0x0000000100000000)
  eden space 2560K, 32% used [0x00000000d5580000,0x00000000d564ce28,0x00000000d5800000)
  from space 512K, 50% used [0x00000000d5900000,0x00000000d5940000,0x00000000d5980000)
  to   space 512K, 0% used [0x00000000d5880000,0x00000000d5880000,0x00000000d5900000)
 ParOldGen       total 1041408K, used 701489K [0x0000000080000000, 0x00000000bf900000, 0x00000000d5580000)
  object space 1041408K, 67% used [0x0000000080000000,0x00000000aad0c4b8,0x00000000bf900000)
 Metaspace       used 90489K, committed 92032K, reserved 1179648K
  class space    used 9569K, committed 10304K, reserved 1048576K
GC Heap History (20 events):
Event: 2676.226 GC heap before
{Heap before GC invocations=1499 (full 4):
 PSYoungGen      total 2560K, used 2548K [0x00000000d5580000, 0x00000000d5b80000, 0x0000000100000000)
  eden space 2048K, 99% used [0x00000000d5580000,0x00000000d577fff0,0x00000000d5780000)
  from space 512K, 97% used [0x00000000d5900000,0x00000000d597d220,0x00000000d5980000)
  to   space 1536K, 0% used [0x00000000d5780000,0x00000000d5780000,0x00000000d5900000)
 ParOldGen       total 1041408K, used 700012K [0x0000000080000000, 0x00000000bf900000, 0x00000000d5580000)
  object space 1041408K, 67% used [0x0000000080000000,0x00000000aab9b228,0x00000000bf900000)
 Metaspace       used 90325K, committed 91904K, reserved 1179648K
  class space    used 9553K, committed 10304K, reserved 1048576K
}
Event: 2676.233 GC heap after
{Heap after GC invocations=1499 (full 4):
 PSYoungGen      total 3584K, used 528K [0x00000000d5580000, 0x00000000d5a00000, 0x0000000100000000)
  eden space 2048K, 0% used [0x00000000d5580000,0x00000000d5580000,0x00000000d5780000)
  from space 1536K, 34% used [0x00000000d5780000,0x00000000d5804010,0x00000000d5900000)
  to   space 1024K, 0% used [0x00000000d5900000,0x00000000d5900000,0x00000000d5a00000)
 ParOldGen       total 1041408K, used 700481K [0x0000000080000000, 0x00000000bf900000, 0x00000000d5580000)
  object space 1041408K, 67% used [0x0000000080000000,0x00000000aac10448,0x00000000bf900000)
 Metaspace       used 90325K, committed 91904K, reserved 1179648K
  class space    used 9553K, committed 10304K, reserved 1048576K
}
Event: 2676.246 GC heap before
{Heap before GC invocations=1500 (full 4):
 PSYoungGen      total 3584K, used 2575K [0x00000000d5580000, 0x00000000d5a00000, 0x0000000100000000)
  eden space 2048K, 99% used [0x00000000d5580000,0x00000000d577ffe8,0x00000000d5780000)
  from space 1536K, 34% used [0x00000000d5780000,0x00000000d5804010,0x00000000d5900000)
  to   space 1024K, 0% used [0x00000000d5900000,0x00000000d5900000,0x00000000d5a00000)
 ParOldGen       total 1041408K, used 700481K [0x0000000080000000, 0x00000000bf900000, 0x00000000d5580000)
  object space 1041408K, 67% used [0x0000000080000000,0x00000000aac10448,0x00000000bf900000)
 Metaspace       used 90327K, committed 91968K, reserved 1179648K
  class space    used 9553K, committed 10304K, reserved 1048576K
}
Event: 2676.249 GC heap after
{Heap after GC invocations=1500 (full 4):
 PSYoungGen      total 3072K, used 298K [0x00000000d5580000, 0x00000000d5980000, 0x0000000100000000)
  eden space 2560K, 0% used [0x00000000d5580000,0x00000000d5580000,0x00000000d5800000)
  from space 512K, 58% used [0x00000000d5900000,0x00000000d594a910,0x00000000d5980000)
  to   space 512K, 0% used [0x00000000d5880000,0x00000000d5880000,0x00000000d5900000)
 ParOldGen       total 1041408K, used 700601K [0x0000000080000000, 0x00000000bf900000, 0x00000000d5580000)
  object space 1041408K, 67% used [0x0000000080000000,0x00000000aac2e448,0x00000000bf900000)
 Metaspace       used 90327K, committed 91968K, reserved 1179648K
  class space    used 9553K, committed 10304K, reserved 1048576K
}
Event: 2676.428 GC heap before
{Heap before GC invocations=1501 (full 4):
 PSYoungGen      total 3072K, used 2858K [0x00000000d5580000, 0x00000000d5980000, 0x0000000100000000)
  eden space 2560K, 100% used [0x00000000d5580000,0x00000000d5800000,0x00000000d5800000)
  from space 512K, 58% used [0x00000000d5900000,0x00000000d594a910,0x00000000d5980000)
  to   space 512K, 0% used [0x00000000d5880000,0x00000000d5880000,0x00000000d5900000)
 ParOldGen       total 1041408K, used 700601K [0x0000000080000000, 0x00000000bf900000, 0x00000000d5580000)
  object space 1041408K, 67% used [0x0000000080000000,0x00000000aac2e448,0x00000000bf900000)
 Metaspace       used 90329K, committed 91968K, reserved 1179648K
  class space    used 9553K, committed 10304K, reserved 1048576K
}
Event: 2676.430 GC heap after
{Heap after GC invocations=1501 (full 4):
 PSYoungGen      total 3072K, used 224K [0x00000000d5580000, 0x00000000d5980000, 0x0000000100000000)
  eden space 2560K, 0% used [0x00000000d5580000,0x00000000d5580000,0x00000000d5800000)
  from space 512K, 43% used [0x00000000d5880000,0x00000000d58b8000,0x00000000d5900000)
  to   space 512K, 0% used [0x00000000d5900000,0x00000000d5900000,0x00000000d5980000)
 ParOldGen       total 1041408K, used 700609K [0x0000000080000000, 0x00000000bf900000, 0x00000000d5580000)
  object space 1041408K, 67% used [0x0000000080000000,0x00000000aac30448,0x00000000bf900000)
 Metaspace       used 90329K, committed 91968K, reserved 1179648K
  class space    used 9553K, committed 10304K, reserved 1048576K
}
Event: 2677.186 GC heap before
{Heap before GC invocations=1502 (full 4):
 PSYoungGen      total 3072K, used 2784K [0x00000000d5580000, 0x00000000d5980000, 0x0000000100000000)
  eden space 2560K, 100% used [0x00000000d5580000,0x00000000d5800000,0x00000000d5800000)
  from space 512K, 43% used [0x00000000d5880000,0x00000000d58b8000,0x00000000d5900000)
  to   space 512K, 0% used [0x00000000d5900000,0x00000000d5900000,0x00000000d5980000)
 ParOldGen       total 1041408K, used 700609K [0x0000000080000000, 0x00000000bf900000, 0x00000000d5580000)
  object space 1041408K, 67% used [0x0000000080000000,0x00000000aac30448,0x00000000bf900000)
 Metaspace       used 90330K, committed 91968K, reserved 1179648K
  class space    used 9553K, committed 10304K, reserved 1048576K
}
Event: 2677.189 GC heap after
{Heap after GC invocations=1502 (full 4):
 PSYoungGen      total 3072K, used 288K [0x00000000d5580000, 0x00000000d5980000, 0x0000000100000000)
  eden space 2560K, 0% used [0x00000000d5580000,0x00000000d5580000,0x00000000d5800000)
  from space 512K, 56% used [0x00000000d5900000,0x00000000d5948000,0x00000000d5980000)
  to   space 512K, 0% used [0x00000000d5880000,0x00000000d5880000,0x00000000d5900000)
 ParOldGen       total 1041408K, used 700633K [0x0000000080000000, 0x00000000bf900000, 0x00000000d5580000)
  object space 1041408K, 67% used [0x0000000080000000,0x00000000aac36448,0x00000000bf900000)
 Metaspace       used 90330K, committed 91968K, reserved 1179648K
  class space    used 9553K, committed 10304K, reserved 1048576K
}
Event: 2677.213 GC heap before
{Heap before GC invocations=1503 (full 4):
 PSYoungGen      total 3072K, used 2669K [0x00000000d5580000, 0x00000000d5980000, 0x0000000100000000)
  eden space 2560K, 93% used [0x00000000d5580000,0x00000000d57d3660,0x00000000d5800000)
  from space 512K, 56% used [0x00000000d5900000,0x00000000d5948000,0x00000000d5980000)
  to   space 512K, 0% used [0x00000000d5880000,0x00000000d5880000,0x00000000d5900000)
 ParOldGen       total 1041408K, used 700633K [0x0000000080000000, 0x00000000bf900000, 0x00000000d5580000)
  object space 1041408K, 67% used [0x0000000080000000,0x00000000aac36448,0x00000000bf900000)
 Metaspace       used 90330K, committed 91968K, reserved 1179648K
  class space    used 9553K, committed 10304K, reserved 1048576K
}
Event: 2677.219 GC heap after
{Heap after GC invocations=1503 (full 4):
 PSYoungGen      total 3072K, used 160K [0x00000000d5580000, 0x00000000d5980000, 0x0000000100000000)
  eden space 2560K, 0% used [0x00000000d5580000,0x00000000d5580000,0x00000000d5800000)
  from space 512K, 31% used [0x00000000d5880000,0x00000000d58a8000,0x00000000d5900000)
  to   space 512K, 0% used [0x00000000d5900000,0x00000000d5900000,0x00000000d5980000)
 ParOldGen       total 1041408K, used 700849K [0x0000000080000000, 0x00000000bf900000, 0x00000000d5580000)
  object space 1041408K, 67% used [0x0000000080000000,0x00000000aac6c458,0x00000000bf900000)
 Metaspace       used 90330K, committed 91968K, reserved 1179648K
  class space    used 9553K, committed 10304K, reserved 1048576K
}
Event: 2677.250 GC heap before
{Heap before GC invocations=1504 (full 4):
 PSYoungGen      total 3072K, used 2719K [0x00000000d5580000, 0x00000000d5980000, 0x0000000100000000)
  eden space 2560K, 99% used [0x00000000d5580000,0x00000000d57ffcd8,0x00000000d5800000)
  from space 512K, 31% used [0x00000000d5880000,0x00000000d58a8000,0x00000000d5900000)
  to   space 512K, 0% used [0x00000000d5900000,0x00000000d5900000,0x00000000d5980000)
 ParOldGen       total 1041408K, used 700849K [0x0000000080000000, 0x00000000bf900000, 0x00000000d5580000)
  object space 1041408K, 67% used [0x0000000080000000,0x00000000aac6c458,0x00000000bf900000)
 Metaspace       used 90330K, committed 91968K, reserved 1179648K
  class space    used 9553K, committed 10304K, reserved 1048576K
}
Event: 2677.254 GC heap after
{Heap after GC invocations=1504 (full 4):
 PSYoungGen      total 3072K, used 356K [0x00000000d5580000, 0x00000000d5980000, 0x0000000100000000)
  eden space 2560K, 0% used [0x00000000d5580000,0x00000000d5580000,0x00000000d5800000)
  from space 512K, 69% used [0x00000000d5900000,0x00000000d59591f8,0x00000000d5980000)
  to   space 512K, 0% used [0x00000000d5880000,0x00000000d5880000,0x00000000d5900000)
 ParOldGen       total 1041408K, used 700905K [0x0000000080000000, 0x00000000bf900000, 0x00000000d5580000)
  object space 1041408K, 67% used [0x0000000080000000,0x00000000aac7a458,0x00000000bf900000)
 Metaspace       used 90330K, committed 91968K, reserved 1179648K
  class space    used 9553K, committed 10304K, reserved 1048576K
}
Event: 2677.344 GC heap before
{Heap before GC invocations=1505 (full 4):
 PSYoungGen      total 3072K, used 2916K [0x00000000d5580000, 0x00000000d5980000, 0x0000000100000000)
  eden space 2560K, 100% used [0x00000000d5580000,0x00000000d5800000,0x00000000d5800000)
  from space 512K, 69% used [0x00000000d5900000,0x00000000d59591f8,0x00000000d5980000)
  to   space 512K, 0% used [0x00000000d5880000,0x00000000d5880000,0x00000000d5900000)
 ParOldGen       total 1041408K, used 700905K [0x0000000080000000, 0x00000000bf900000, 0x00000000d5580000)
  object space 1041408K, 67% used [0x0000000080000000,0x00000000aac7a458,0x00000000bf900000)
 Metaspace       used 90330K, committed 91968K, reserved 1179648K
  class space    used 9553K, committed 10304K, reserved 1048576K
}
Event: 2677.347 GC heap after
{Heap after GC invocations=1505 (full 4):
 PSYoungGen      total 3072K, used 256K [0x00000000d5580000, 0x00000000d5980000, 0x0000000100000000)
  eden space 2560K, 0% used [0x00000000d5580000,0x00000000d5580000,0x00000000d5800000)
  from space 512K, 50% used [0x00000000d5880000,0x00000000d58c0000,0x00000000d5900000)
  to   space 512K, 0% used [0x00000000d5900000,0x00000000d5900000,0x00000000d5980000)
 ParOldGen       total 1041408K, used 700961K [0x0000000080000000, 0x00000000bf900000, 0x00000000d5580000)
  object space 1041408K, 67% used [0x0000000080000000,0x00000000aac88458,0x00000000bf900000)
 Metaspace       used 90330K, committed 91968K, reserved 1179648K
  class space    used 9553K, committed 10304K, reserved 1048576K
}
Event: 2677.634 GC heap before
{Heap before GC invocations=1506 (full 4):
 PSYoungGen      total 3072K, used 2816K [0x00000000d5580000, 0x00000000d5980000, 0x0000000100000000)
  eden space 2560K, 100% used [0x00000000d5580000,0x00000000d5800000,0x00000000d5800000)
  from space 512K, 50% used [0x00000000d5880000,0x00000000d58c0000,0x00000000d5900000)
  to   space 512K, 0% used [0x00000000d5900000,0x00000000d5900000,0x00000000d5980000)
 ParOldGen       total 1041408K, used 700961K [0x0000000080000000, 0x00000000bf900000, 0x00000000d5580000)
  object space 1041408K, 67% used [0x0000000080000000,0x00000000aac88458,0x00000000bf900000)
 Metaspace       used 90331K, committed 91968K, reserved 1179648K
  class space    used 9553K, committed 10304K, reserved 1048576K
}
Event: 2677.638 GC heap after
{Heap after GC invocations=1506 (full 4):
 PSYoungGen      total 3072K, used 368K [0x00000000d5580000, 0x00000000d5980000, 0x0000000100000000)
  eden space 2560K, 0% used [0x00000000d5580000,0x00000000d5580000,0x00000000d5800000)
  from space 512K, 71% used [0x00000000d5900000,0x00000000d595c030,0x00000000d5980000)
  to   space 512K, 0% used [0x00000000d5880000,0x00000000d5880000,0x00000000d5900000)
 ParOldGen       total 1041408K, used 701033K [0x0000000080000000, 0x00000000bf900000, 0x00000000d5580000)
  object space 1041408K, 67% used [0x0000000080000000,0x00000000aac9a458,0x00000000bf900000)
 Metaspace       used 90331K, committed 91968K, reserved 1179648K
  class space    used 9553K, committed 10304K, reserved 1048576K
}
Event: 2887.770 GC heap before
{Heap before GC invocations=1507 (full 4):
 PSYoungGen      total 3072K, used 2928K [0x00000000d5580000, 0x00000000d5980000, 0x0000000100000000)
  eden space 2560K, 100% used [0x00000000d5580000,0x00000000d5800000,0x00000000d5800000)
  from space 512K, 71% used [0x00000000d5900000,0x00000000d595c030,0x00000000d5980000)
  to   space 512K, 0% used [0x00000000d5880000,0x00000000d5880000,0x00000000d5900000)
 ParOldGen       total 1041408K, used 701033K [0x0000000080000000, 0x00000000bf900000, 0x00000000d5580000)
  object space 1041408K, 67% used [0x0000000080000000,0x00000000aac9a458,0x00000000bf900000)
 Metaspace       used 90420K, committed 92032K, reserved 1179648K
  class space    used 9566K, committed 10304K, reserved 1048576K
}
Event: 2887.973 GC heap after
{Heap after GC invocations=1507 (full 4):
 PSYoungGen      total 3072K, used 416K [0x00000000d5580000, 0x00000000d5980000, 0x0000000100000000)
  eden space 2560K, 0% used [0x00000000d5580000,0x00000000d5580000,0x00000000d5800000)
  from space 512K, 81% used [0x00000000d5880000,0x00000000d58e8000,0x00000000d5900000)
  to   space 512K, 0% used [0x00000000d5900000,0x00000000d5900000,0x00000000d5980000)
 ParOldGen       total 1041408K, used 701249K [0x0000000080000000, 0x00000000bf900000, 0x00000000d5580000)
  object space 1041408K, 67% used [0x0000000080000000,0x00000000aacd04a8,0x00000000bf900000)
 Metaspace       used 90420K, committed 92032K, reserved 1179648K
  class space    used 9566K, committed 10304K, reserved 1048576K
}
Event: 6860.024 GC heap before
{Heap before GC invocations=1508 (full 4):
 PSYoungGen      total 3072K, used 2976K [0x00000000d5580000, 0x00000000d5980000, 0x0000000100000000)
  eden space 2560K, 100% used [0x00000000d5580000,0x00000000d5800000,0x00000000d5800000)
  from space 512K, 81% used [0x00000000d5880000,0x00000000d58e8000,0x00000000d5900000)
  to   space 512K, 0% used [0x00000000d5900000,0x00000000d5900000,0x00000000d5980000)
 ParOldGen       total 1041408K, used 701249K [0x0000000080000000, 0x00000000bf900000, 0x00000000d5580000)
  object space 1041408K, 67% used [0x0000000080000000,0x00000000aacd04a8,0x00000000bf900000)
 Metaspace       used 90485K, committed 92032K, reserved 1179648K
  class space    used 9569K, committed 10304K, reserved 1048576K
}
Event: 6860.214 GC heap after
{Heap after GC invocations=1508 (full 4):
 PSYoungGen      total 3072K, used 256K [0x00000000d5580000, 0x00000000d5980000, 0x0000000100000000)
  eden space 2560K, 0% used [0x00000000d5580000,0x00000000d5580000,0x00000000d5800000)
  from space 512K, 50% used [0x00000000d5900000,0x00000000d5940000,0x00000000d5980000)
  to   space 512K, 0% used [0x00000000d5880000,0x00000000d5880000,0x00000000d5900000)
 ParOldGen       total 1041408K, used 701489K [0x0000000080000000, 0x00000000bf900000, 0x00000000d5580000)
  object space 1041408K, 67% used [0x0000000080000000,0x00000000aad0c4b8,0x00000000bf900000)
 Metaspace       used 90485K, committed 92032K, reserved 1179648K
  class space    used 9569K, committed 10304K, reserved 1048576K
}

