# JRE version: Java(TM) SE Runtime Environment (22.0.2+9) (build 22.0.2+9-70)
# Java VM: Java HotSpot(TM) 64-Bit Server VM (22.0.2+9-70, mixed mode, sharing, tiered, compressed oops, compressed class ptrs, g1 gc, windows-amd64)
GC Precious Log:
 CardTable entry size: 512
 Card Set container configuration: InlinePtr #cards 5 size 8 Array Of Cards #cards 12 size 40 Howl #buckets 4 coarsen threshold 1843 Howl Bitmap #cards 512 size 80 coarsen threshold 460 Card regions per heap region 1 cards per card region 2048
 CPUs: 8 total, 8 available
 Memory: 6030M
 Large Page Support: Disabled
 NUMA Support: Disabled
 Compressed Oops: Enabled (32-bit)
 Heap Region Size: 1M
 Heap Min Capacity: 8M
 Heap Initial Capacity: 96M
 Heap Max Capacity: 1508M
 Pre-touch: Disabled
 Parallel Workers: 8
 Concurrent Workers: 2
 Concurrent Refinement Workers: 8
 Periodic GC: Disabled
Heap:
 garbage-first heap   total reserved 1544192K, committed 115712K, used 55296K [0x00000000a1c00000, 0x0000000100000000)
  region size 1024K, 17 young (17408K), 3 survivors (3072K)
 Metaspace       used 28776K, committed 29184K, reserved 1114112K
  class space    used 3360K, committed 3584K, reserved 1048576K
GC Heap History (16 events):
Event: 1.650 GC heap before
{Heap before GC invocations=0 (full 0):
 garbage-first heap   total reserved 1544192K, committed 98304K, used 24576K [0x00000000a1c00000, 0x0000000100000000)
  region size 1024K, 24 young (24576K), 0 survivors (0K)
 Metaspace       used 5544K, committed 5760K, reserved 1114112K
  class space    used 662K, committed 768K, reserved 1048576K
}
Event: 1.666 GC heap after
{Heap after GC invocations=1 (full 0):
 garbage-first heap   total reserved 1544192K, committed 98304K, used 3840K [0x00000000a1c00000, 0x0000000100000000)
  region size 1024K, 3 young (3072K), 3 survivors (3072K)
 Metaspace       used 5544K, committed 5760K, reserved 1114112K
  class space    used 662K, committed 768K, reserved 1048576K
}
Event: 2.785 GC heap before
{Heap before GC invocations=1 (full 0):
 garbage-first heap   total reserved 1544192K, committed 98304K, used 35584K [0x00000000a1c00000, 0x0000000100000000)
  region size 1024K, 34 young (34816K), 3 survivors (3072K)
 Metaspace       used 9609K, committed 9856K, reserved 1114112K
  class space    used 1163K, committed 1280K, reserved 1048576K
}
Event: 2.798 GC heap after
{Heap after GC invocations=2 (full 0):
 garbage-first heap   total reserved 1544192K, committed 98304K, used 5651K [0x00000000a1c00000, 0x0000000100000000)
  region size 1024K, 2 young (2048K), 2 survivors (2048K)
 Metaspace       used 9609K, committed 9856K, reserved 1114112K
  class space    used 1163K, committed 1280K, reserved 1048576K
}
Event: 5.050 GC heap before
{Heap before GC invocations=2 (full 0):
 garbage-first heap   total reserved 1544192K, committed 98304K, used 61971K [0x00000000a1c00000, 0x0000000100000000)
  region size 1024K, 57 young (58368K), 2 survivors (2048K)
 Metaspace       used 15518K, committed 15744K, reserved 1114112K
  class space    used 1870K, committed 1984K, reserved 1048576K
}
Event: 5.072 GC heap after
{Heap after GC invocations=3 (full 0):
 garbage-first heap   total reserved 1544192K, committed 98304K, used 12697K [0x00000000a1c00000, 0x0000000100000000)
  region size 1024K, 8 young (8192K), 8 survivors (8192K)
 Metaspace       used 15518K, committed 15744K, reserved 1114112K
  class space    used 1870K, committed 1984K, reserved 1048576K
}
Event: 6.678 GC heap before
{Heap before GC invocations=3 (full 0):
 garbage-first heap   total reserved 1544192K, committed 98304K, used 62873K [0x00000000a1c00000, 0x0000000100000000)
  region size 1024K, 57 young (58368K), 8 survivors (8192K)
 Metaspace       used 16680K, committed 16960K, reserved 1114112K
  class space    used 1983K, committed 2112K, reserved 1048576K
}
Event: 6.706 GC heap after
{Heap after GC invocations=4 (full 0):
 garbage-first heap   total reserved 1544192K, committed 98304K, used 15360K [0x00000000a1c00000, 0x0000000100000000)
  region size 1024K, 3 young (3072K), 3 survivors (3072K)
 Metaspace       used 16680K, committed 16960K, reserved 1114112K
  class space    used 1983K, committed 2112K, reserved 1048576K
}
Event: 8.322 GC heap before
{Heap before GC invocations=4 (full 0):
 garbage-first heap   total reserved 1544192K, committed 98304K, used 50176K [0x00000000a1c00000, 0x0000000100000000)
  region size 1024K, 34 young (34816K), 3 survivors (3072K)
 Metaspace       used 21179K, committed 21504K, reserved 1114112K
  class space    used 2524K, committed 2688K, reserved 1048576K
}
Event: 8.346 GC heap after
{Heap after GC invocations=5 (full 0):
 garbage-first heap   total reserved 1544192K, committed 98304K, used 24576K [0x00000000a1c00000, 0x0000000100000000)
  region size 1024K, 8 young (8192K), 8 survivors (8192K)
 Metaspace       used 21179K, committed 21504K, reserved 1114112K
  class space    used 2524K, committed 2688K, reserved 1048576K
}
Event: 11.843 GC heap before
{Heap before GC invocations=6 (full 0):
 garbage-first heap   total reserved 1544192K, committed 81920K, used 76800K [0x00000000a1c00000, 0x0000000100000000)
  region size 1024K, 57 young (58368K), 8 survivors (8192K)
 Metaspace       used 27461K, committed 27840K, reserved 1114112K
  class space    used 3243K, committed 3392K, reserved 1048576K
}
Event: 11.869 GC heap after
{Heap after GC invocations=7 (full 0):
 garbage-first heap   total reserved 1544192K, committed 84992K, used 23040K [0x00000000a1c00000, 0x0000000100000000)
  region size 1024K, 4 young (4096K), 4 survivors (4096K)
 Metaspace       used 27461K, committed 27840K, reserved 1114112K
  class space    used 3243K, committed 3392K, reserved 1048576K
}
Event: 13.285 GC heap before
{Heap before GC invocations=7 (full 0):
 garbage-first heap   total reserved 1544192K, committed 84992K, used 76288K [0x00000000a1c00000, 0x0000000100000000)
  region size 1024K, 49 young (50176K), 4 survivors (4096K)
 Metaspace       used 27550K, committed 27840K, reserved 1114112K
  class space    used 3244K, committed 3392K, reserved 1048576K
}
Event: 13.334 GC heap after
{Heap after GC invocations=8 (full 0):
 garbage-first heap   total reserved 1544192K, committed 96256K, used 41984K [0x00000000a1c00000, 0x0000000100000000)
  region size 1024K, 7 young (7168K), 7 survivors (7168K)
 Metaspace       used 27550K, committed 27840K, reserved 1114112K
  class space    used 3244K, committed 3392K, reserved 1048576K
}
Event: 15.340 GC heap before
{Heap before GC invocations=8 (full 0):
 garbage-first heap   total reserved 1544192K, committed 96256K, used 75776K [0x00000000a1c00000, 0x0000000100000000)
  region size 1024K, 40 young (40960K), 7 survivors (7168K)
 Metaspace       used 27844K, committed 28224K, reserved 1114112K
  class space    used 3255K, committed 3456K, reserved 1048576K
}
Event: 15.361 GC heap after
{Heap after GC invocations=9 (full 0):
 garbage-first heap   total reserved 1544192K, committed 115712K, used 39936K [0x00000000a1c00000, 0x0000000100000000)
  region size 1024K, 3 young (3072K), 3 survivors (3072K)
 Metaspace       used 27844K, committed 28224K, reserved 1114112K
  class space    used 3255K, committed 3456K, reserved 1048576K
}

