# JRE version: OpenJDK Runtime Environment Temurin-21.0.9+10 (21.0.9+10) (build 21.0.9+10-LTS)
# Java VM: OpenJDK 64-Bit Server VM Temurin-21.0.9+10 (21.0.9+10-LTS, mixed mode, sharing, tiered, compressed oops, compressed class ptrs, parallel gc, windows-amd64)
GC Precious Log:
 CardTable entry size: 512
 CPUs: 8 total, 8 available
 Memory: 6030M
 Large Page Support: Disabled
 NUMA Support: Disabled
 Compressed Oops: Enabled (32-bit)
 Alignments: Space 512K, Generation 512K, Heap 2M
 Heap Min Capacity: 100M
 Heap Initial Capacity: 100M
 Heap Max Capacity: 2G
 Pre-touch: Disabled
 Parallel Workers: 8
Heap:
 PSYoungGen      total 3072K, used 2850K [0x00000000d5580000, 0x00000000d5980000, 0x0000000100000000)
  eden space 2560K, 91% used [0x00000000d5580000,0x00000000d57cc830,0x00000000d5800000)
  from space 512K, 96% used [0x00000000d5900000,0x00000000d597c010,0x00000000d5980000)
  to   space 512K, 0% used [0x00000000d5880000,0x00000000d5880000,0x00000000d5900000)
 ParOldGen       total 160256K, used 131485K [0x0000000080000000, 0x0000000089c80000, 0x00000000d5580000)
  object space 160256K, 82% used [0x0000000080000000,0x0000000088067498,0x0000000089c80000)
 Metaspace       used 72110K, committed 73728K, reserved 1179648K
  class space    used 7529K, committed 8192K, reserved 1048576K
GC Heap History (20 events):
Event: 1009.122 GC heap before
{Heap before GC invocations=170 (full 3):
 PSYoungGen      total 3072K, used 3060K [0x00000000d5580000, 0x00000000d5a00000, 0x0000000100000000)
  eden space 2560K, 100% used [0x00000000d5580000,0x00000000d5800000,0x00000000d5800000)
  from space 512K, 97% used [0x00000000d5900000,0x00000000d597d200,0x00000000d5980000)
  to   space 1024K, 0% used [0x00000000d5800000,0x00000000d5800000,0x00000000d5900000)
 ParOldGen       total 160256K, used 128041K [0x0000000080000000, 0x0000000089c80000, 0x00000000d5580000)
  object space 160256K, 79% used [0x0000000080000000,0x0000000087d0a400,0x0000000089c80000)
 Metaspace       used 71949K, committed 73536K, reserved 1179648K
  class space    used 7524K, committed 8192K, reserved 1048576K
}
Event: 1009.128 GC heap after
{Heap after GC invocations=170 (full 3):
 PSYoungGen      total 3584K, used 544K [0x00000000d5580000, 0x00000000d5a00000, 0x0000000100000000)
  eden space 2560K, 0% used [0x00000000d5580000,0x00000000d5580000,0x00000000d5800000)
  from space 1024K, 53% used [0x00000000d5800000,0x00000000d5888000,0x00000000d5900000)
  to   space 1024K, 0% used [0x00000000d5900000,0x00000000d5900000,0x00000000d5a00000)
 ParOldGen       total 160256K, used 128518K [0x0000000080000000, 0x0000000089c80000, 0x00000000d5580000)
  object space 160256K, 80% used [0x0000000080000000,0x0000000087d819e0,0x0000000089c80000)
 Metaspace       used 71949K, committed 73536K, reserved 1179648K
  class space    used 7524K, committed 8192K, reserved 1048576K
}
Event: 1009.238 GC heap before
{Heap before GC invocations=171 (full 3):
 PSYoungGen      total 3584K, used 3095K [0x00000000d5580000, 0x00000000d5a00000, 0x0000000100000000)
  eden space 2560K, 99% used [0x00000000d5580000,0x00000000d57fdf88,0x00000000d5800000)
  from space 1024K, 53% used [0x00000000d5800000,0x00000000d5888000,0x00000000d5900000)
  to   space 1024K, 0% used [0x00000000d5900000,0x00000000d5900000,0x00000000d5a00000)
 ParOldGen       total 160256K, used 128518K [0x0000000080000000, 0x0000000089c80000, 0x00000000d5580000)
  object space 160256K, 80% used [0x0000000080000000,0x0000000087d819e0,0x0000000089c80000)
 Metaspace       used 71980K, committed 73536K, reserved 1179648K
  class space    used 7524K, committed 8192K, reserved 1048576K
}
Event: 1009.243 GC heap after
{Heap after GC invocations=171 (full 3):
 PSYoungGen      total 3584K, used 480K [0x00000000d5580000, 0x00000000d5a00000, 0x0000000100000000)
  eden space 2560K, 0% used [0x00000000d5580000,0x00000000d5580000,0x00000000d5800000)
  from space 1024K, 46% used [0x00000000d5900000,0x00000000d5978000,0x00000000d5a00000)
  to   space 1024K, 0% used [0x00000000d5800000,0x00000000d5800000,0x00000000d5900000)
 ParOldGen       total 160256K, used 128974K [0x0000000080000000, 0x0000000089c80000, 0x00000000d5580000)
  object space 160256K, 80% used [0x0000000080000000,0x0000000087df39e0,0x0000000089c80000)
 Metaspace       used 71980K, committed 73536K, reserved 1179648K
  class space    used 7524K, committed 8192K, reserved 1048576K
}
Event: 1019.151 GC heap before
{Heap before GC invocations=172 (full 3):
 PSYoungGen      total 3584K, used 3039K [0x00000000d5580000, 0x00000000d5a00000, 0x0000000100000000)
  eden space 2560K, 99% used [0x00000000d5580000,0x00000000d57fffc0,0x00000000d5800000)
  from space 1024K, 46% used [0x00000000d5900000,0x00000000d5978000,0x00000000d5a00000)
  to   space 1024K, 0% used [0x00000000d5800000,0x00000000d5800000,0x00000000d5900000)
 ParOldGen       total 160256K, used 128974K [0x0000000080000000, 0x0000000089c80000, 0x00000000d5580000)
  object space 160256K, 80% used [0x0000000080000000,0x0000000087df39e0,0x0000000089c80000)
 Metaspace       used 72011K, committed 73664K, reserved 1179648K
  class space    used 7525K, committed 8192K, reserved 1048576K
}
Event: 1019.156 GC heap after
{Heap after GC invocations=172 (full 3):
 PSYoungGen      total 3584K, used 224K [0x00000000d5580000, 0x00000000d5980000, 0x0000000100000000)
  eden space 2560K, 0% used [0x00000000d5580000,0x00000000d5580000,0x00000000d5800000)
  from space 1024K, 21% used [0x00000000d5800000,0x00000000d5838000,0x00000000d5900000)
  to   space 512K, 0% used [0x00000000d5900000,0x00000000d5900000,0x00000000d5980000)
 ParOldGen       total 160256K, used 129326K [0x0000000080000000, 0x0000000089c80000, 0x00000000d5580000)
  object space 160256K, 80% used [0x0000000080000000,0x0000000087e4b9e0,0x0000000089c80000)
 Metaspace       used 72011K, committed 73664K, reserved 1179648K
  class space    used 7525K, committed 8192K, reserved 1048576K
}
Event: 1019.660 GC heap before
{Heap before GC invocations=173 (full 3):
 PSYoungGen      total 3584K, used 2784K [0x00000000d5580000, 0x00000000d5980000, 0x0000000100000000)
  eden space 2560K, 100% used [0x00000000d5580000,0x00000000d5800000,0x00000000d5800000)
  from space 1024K, 21% used [0x00000000d5800000,0x00000000d5838000,0x00000000d5900000)
  to   space 512K, 0% used [0x00000000d5900000,0x00000000d5900000,0x00000000d5980000)
 ParOldGen       total 160256K, used 129326K [0x0000000080000000, 0x0000000089c80000, 0x00000000d5580000)
  object space 160256K, 80% used [0x0000000080000000,0x0000000087e4b9e0,0x0000000089c80000)
 Metaspace       used 72024K, committed 73664K, reserved 1179648K
  class space    used 7526K, committed 8192K, reserved 1048576K
}
Event: 1019.663 GC heap after
{Heap after GC invocations=173 (full 3):
 PSYoungGen      total 3072K, used 484K [0x00000000d5580000, 0x00000000d5a00000, 0x0000000100000000)
  eden space 2560K, 0% used [0x00000000d5580000,0x00000000d5580000,0x00000000d5800000)
  from space 512K, 94% used [0x00000000d5900000,0x00000000d5979230,0x00000000d5980000)
  to   space 1024K, 0% used [0x00000000d5800000,0x00000000d5800000,0x00000000d5900000)
 ParOldGen       total 160256K, used 129394K [0x0000000080000000, 0x0000000089c80000, 0x00000000d5580000)
  object space 160256K, 80% used [0x0000000080000000,0x0000000087e5cbc8,0x0000000089c80000)
 Metaspace       used 72024K, committed 73664K, reserved 1179648K
  class space    used 7526K, committed 8192K, reserved 1048576K
}
Event: 1019.689 GC heap before
{Heap before GC invocations=174 (full 3):
 PSYoungGen      total 3072K, used 3044K [0x00000000d5580000, 0x00000000d5a00000, 0x0000000100000000)
  eden space 2560K, 100% used [0x00000000d5580000,0x00000000d5800000,0x00000000d5800000)
  from space 512K, 94% used [0x00000000d5900000,0x00000000d5979230,0x00000000d5980000)
  to   space 1024K, 0% used [0x00000000d5800000,0x00000000d5800000,0x00000000d5900000)
 ParOldGen       total 160256K, used 129394K [0x0000000080000000, 0x0000000089c80000, 0x00000000d5580000)
  object space 160256K, 80% used [0x0000000080000000,0x0000000087e5cbc8,0x0000000089c80000)
 Metaspace       used 72024K, committed 73664K, reserved 1179648K
  class space    used 7526K, committed 8192K, reserved 1048576K
}
Event: 1019.693 GC heap after
{Heap after GC invocations=174 (full 3):
 PSYoungGen      total 3584K, used 320K [0x00000000d5580000, 0x00000000d5980000, 0x0000000100000000)
  eden space 2560K, 0% used [0x00000000d5580000,0x00000000d5580000,0x00000000d5800000)
  from space 1024K, 31% used [0x00000000d5800000,0x00000000d5850000,0x00000000d5900000)
  to   space 512K, 0% used [0x00000000d5900000,0x00000000d5900000,0x00000000d5980000)
 ParOldGen       total 160256K, used 129807K [0x0000000080000000, 0x0000000089c80000, 0x00000000d5580000)
  object space 160256K, 81% used [0x0000000080000000,0x0000000087ec3df8,0x0000000089c80000)
 Metaspace       used 72024K, committed 73664K, reserved 1179648K
  class space    used 7526K, committed 8192K, reserved 1048576K
}
Event: 1020.255 GC heap before
{Heap before GC invocations=175 (full 3):
 PSYoungGen      total 3584K, used 2880K [0x00000000d5580000, 0x00000000d5980000, 0x0000000100000000)
  eden space 2560K, 100% used [0x00000000d5580000,0x00000000d5800000,0x00000000d5800000)
  from space 1024K, 31% used [0x00000000d5800000,0x00000000d5850000,0x00000000d5900000)
  to   space 512K, 0% used [0x00000000d5900000,0x00000000d5900000,0x00000000d5980000)
 ParOldGen       total 160256K, used 129807K [0x0000000080000000, 0x0000000089c80000, 0x00000000d5580000)
  object space 160256K, 81% used [0x0000000080000000,0x0000000087ec3df8,0x0000000089c80000)
 Metaspace       used 72042K, committed 73664K, reserved 1179648K
  class space    used 7526K, committed 8192K, reserved 1048576K
}
Event: 1020.259 GC heap after
{Heap after GC invocations=175 (full 3):
 PSYoungGen      total 3072K, used 512K [0x00000000d5580000, 0x00000000d5a00000, 0x0000000100000000)
  eden space 2560K, 0% used [0x00000000d5580000,0x00000000d5580000,0x00000000d5800000)
  from space 512K, 100% used [0x00000000d5900000,0x00000000d5980000,0x00000000d5980000)
  to   space 1024K, 0% used [0x00000000d5800000,0x00000000d5800000,0x00000000d5900000)
 ParOldGen       total 160256K, used 130063K [0x0000000080000000, 0x0000000089c80000, 0x00000000d5580000)
  object space 160256K, 81% used [0x0000000080000000,0x0000000087f03df8,0x0000000089c80000)
 Metaspace       used 72042K, committed 73664K, reserved 1179648K
  class space    used 7526K, committed 8192K, reserved 1048576K
}
Event: 1021.649 GC heap before
{Heap before GC invocations=176 (full 3):
 PSYoungGen      total 3072K, used 3071K [0x00000000d5580000, 0x00000000d5a00000, 0x0000000100000000)
  eden space 2560K, 99% used [0x00000000d5580000,0x00000000d57ffff0,0x00000000d5800000)
  from space 512K, 100% used [0x00000000d5900000,0x00000000d5980000,0x00000000d5980000)
  to   space 1024K, 0% used [0x00000000d5800000,0x00000000d5800000,0x00000000d5900000)
 ParOldGen       total 160256K, used 130063K [0x0000000080000000, 0x0000000089c80000, 0x00000000d5580000)
  object space 160256K, 81% used [0x0000000080000000,0x0000000087f03df8,0x0000000089c80000)
 Metaspace       used 72057K, committed 73664K, reserved 1179648K
  class space    used 7528K, committed 8192K, reserved 1048576K
}
Event: 1021.668 GC heap after
{Heap after GC invocations=176 (full 3):
 PSYoungGen      total 3584K, used 580K [0x00000000d5580000, 0x00000000d5a00000, 0x0000000100000000)
  eden space 2560K, 0% used [0x00000000d5580000,0x00000000d5580000,0x00000000d5800000)
  from space 1024K, 56% used [0x00000000d5800000,0x00000000d5891210,0x00000000d5900000)
  to   space 1024K, 0% used [0x00000000d5900000,0x00000000d5900000,0x00000000d5a00000)
 ParOldGen       total 160256K, used 130444K [0x0000000080000000, 0x0000000089c80000, 0x00000000d5580000)
  object space 160256K, 81% used [0x0000000080000000,0x0000000087f63088,0x0000000089c80000)
 Metaspace       used 72057K, committed 73664K, reserved 1179648K
  class space    used 7528K, committed 8192K, reserved 1048576K
}
Event: 1021.711 GC heap before
{Heap before GC invocations=177 (full 3):
 PSYoungGen      total 3584K, used 3140K [0x00000000d5580000, 0x00000000d5a00000, 0x0000000100000000)
  eden space 2560K, 100% used [0x00000000d5580000,0x00000000d5800000,0x00000000d5800000)
  from space 1024K, 56% used [0x00000000d5800000,0x00000000d5891210,0x00000000d5900000)
  to   space 1024K, 0% used [0x00000000d5900000,0x00000000d5900000,0x00000000d5a00000)
 ParOldGen       total 160256K, used 130444K [0x0000000080000000, 0x0000000089c80000, 0x00000000d5580000)
  object space 160256K, 81% used [0x0000000080000000,0x0000000087f63088,0x0000000089c80000)
 Metaspace       used 72059K, committed 73664K, reserved 1179648K
  class space    used 7528K, committed 8192K, reserved 1048576K
}
Event: 1021.729 GC heap after
{Heap after GC invocations=177 (full 3):
 PSYoungGen      total 3072K, used 352K [0x00000000d5580000, 0x00000000d5980000, 0x0000000100000000)
  eden space 2560K, 0% used [0x00000000d5580000,0x00000000d5580000,0x00000000d5800000)
  from space 512K, 68% used [0x00000000d5900000,0x00000000d5958000,0x00000000d5980000)
  to   space 512K, 0% used [0x00000000d5880000,0x00000000d5880000,0x00000000d5900000)
 ParOldGen       total 160256K, used 130856K [0x0000000080000000, 0x0000000089c80000, 0x00000000d5580000)
  object space 160256K, 81% used [0x0000000080000000,0x0000000087fca298,0x0000000089c80000)
 Metaspace       used 72059K, committed 73664K, reserved 1179648K
  class space    used 7528K, committed 8192K, reserved 1048576K
}
Event: 1021.795 GC heap before
{Heap before GC invocations=178 (full 3):
 PSYoungGen      total 3072K, used 2912K [0x00000000d5580000, 0x00000000d5980000, 0x0000000100000000)
  eden space 2560K, 100% used [0x00000000d5580000,0x00000000d5800000,0x00000000d5800000)
  from space 512K, 68% used [0x00000000d5900000,0x00000000d5958000,0x00000000d5980000)
  to   space 512K, 0% used [0x00000000d5880000,0x00000000d5880000,0x00000000d5900000)
 ParOldGen       total 160256K, used 130856K [0x0000000080000000, 0x0000000089c80000, 0x00000000d5580000)
  object space 160256K, 81% used [0x0000000080000000,0x0000000087fca298,0x0000000089c80000)
 Metaspace       used 72083K, committed 73728K, reserved 1179648K
  class space    used 7528K, committed 8192K, reserved 1048576K
}
Event: 1021.802 GC heap after
{Heap after GC invocations=178 (full 3):
 PSYoungGen      total 3072K, used 468K [0x00000000d5580000, 0x00000000d5980000, 0x0000000100000000)
  eden space 2560K, 0% used [0x00000000d5580000,0x00000000d5580000,0x00000000d5800000)
  from space 512K, 91% used [0x00000000d5880000,0x00000000d58f5200,0x00000000d5900000)
  to   space 512K, 0% used [0x00000000d5900000,0x00000000d5900000,0x00000000d5980000)
 ParOldGen       total 160256K, used 131104K [0x0000000080000000, 0x0000000089c80000, 0x00000000d5580000)
  object space 160256K, 81% used [0x0000000080000000,0x0000000088008298,0x0000000089c80000)
 Metaspace       used 72083K, committed 73728K, reserved 1179648K
  class space    used 7528K, committed 8192K, reserved 1048576K
}
Event: 1021.867 GC heap before
{Heap before GC invocations=179 (full 3):
 PSYoungGen      total 3072K, used 3028K [0x00000000d5580000, 0x00000000d5980000, 0x0000000100000000)
  eden space 2560K, 100% used [0x00000000d5580000,0x00000000d5800000,0x00000000d5800000)
  from space 512K, 91% used [0x00000000d5880000,0x00000000d58f5200,0x00000000d5900000)
  to   space 512K, 0% used [0x00000000d5900000,0x00000000d5900000,0x00000000d5980000)
 ParOldGen       total 160256K, used 131104K [0x0000000080000000, 0x0000000089c80000, 0x00000000d5580000)
  object space 160256K, 81% used [0x0000000080000000,0x0000000088008298,0x0000000089c80000)
 Metaspace       used 72083K, committed 73728K, reserved 1179648K
  class space    used 7528K, committed 8192K, reserved 1048576K
}
Event: 1021.876 GC heap after
{Heap after GC invocations=179 (full 3):
 PSYoungGen      total 3072K, used 496K [0x00000000d5580000, 0x00000000d5980000, 0x0000000100000000)
  eden space 2560K, 0% used [0x00000000d5580000,0x00000000d5580000,0x00000000d5800000)
  from space 512K, 96% used [0x00000000d5900000,0x00000000d597c010,0x00000000d5980000)
  to   space 512K, 0% used [0x00000000d5880000,0x00000000d5880000,0x00000000d5900000)
 ParOldGen       total 160256K, used 131485K [0x0000000080000000, 0x0000000089c80000, 0x00000000d5580000)
  object space 160256K, 82% used [0x0000000080000000,0x0000000088067498,0x0000000089c80000)
 Metaspace       used 72083K, committed 73728K, reserved 1179648K
  class space    used 7528K, committed 8192K, reserved 1048576K
}

