# JRE version: OpenJDK Runtime Environment Temurin-21.0.9+10 (21.0.9+10) (build 21.0.9+10-LTS)
# Java VM: OpenJDK 64-Bit Server VM Temurin-21.0.9+10 (21.0.9+10-LTS, mixed mode, sharing, tiered, compressed oops, compressed class ptrs, parallel gc, windows-amd64)
GC Precious Log:
 CardTable entry size: 512
 CPUs: 8 total, 8 available
 Memory: 6030M
 Large Page Support: Disabled
 NUMA Support: Disabled
 Compressed Oops: Enabled (32-bit)
 Alignments: Space 512K, Generation 512K, Heap 2M
 Heap Min Capacity: 100M
 Heap Initial Capacity: 100M
 Heap Max Capacity: 2G
 Pre-touch: Disabled
 Parallel Workers: 8
Heap:
 PSYoungGen      total 4608K, used 4032K [0x00000000d5580000, 0x00000000d5b00000, 0x0000000100000000)
  eden space 4096K, 89% used [0x00000000d5580000,0x00000000d5918128,0x00000000d5980000)
  from space 512K, 68% used [0x00000000d5a80000,0x00000000d5ad8000,0x00000000d5b00000)
  to   space 512K, 0% used [0x00000000d5a00000,0x00000000d5a00000,0x00000000d5a80000)
 ParOldGen       total 258048K, used 257683K [0x0000000080000000, 0x000000008fc00000, 0x00000000d5580000)
  object space 258048K, 99% used [0x0000000080000000,0x000000008fba4dc0,0x000000008fc00000)
 Metaspace       used 74454K, committed 76160K, reserved 1179648K
  class space    used 7869K, committed 8576K, reserved 1048576K
GC Heap History (20 events):
Event: 210.646 GC heap before
{Heap before GC invocations=182 (full 3):
 PSYoungGen      total 5120K, used 4632K [0x00000000d5580000, 0x00000000d5b80000, 0x0000000100000000)
  eden space 4096K, 99% used [0x00000000d5580000,0x00000000d597f900,0x00000000d5980000)
  from space 1024K, 52% used [0x00000000d5a80000,0x00000000d5b06900,0x00000000d5b80000)
  to   space 1024K, 0% used [0x00000000d5980000,0x00000000d5980000,0x00000000d5a80000)
 ParOldGen       total 256000K, used 255753K [0x0000000080000000, 0x000000008fa00000, 0x00000000d5580000)
  object space 256000K, 99% used [0x0000000080000000,0x000000008f9c2490,0x000000008fa00000)
 Metaspace       used 70717K, committed 72448K, reserved 1114112K
  class space    used 7380K, committed 8128K, reserved 1048576K
}
Event: 210.648 GC heap after
{Heap after GC invocations=182 (full 3):
 PSYoungGen      total 5120K, used 256K [0x00000000d5580000, 0x00000000d5b00000, 0x0000000100000000)
  eden space 4096K, 0% used [0x00000000d5580000,0x00000000d5580000,0x00000000d5980000)
  from space 1024K, 25% used [0x00000000d5980000,0x00000000d59c0000,0x00000000d5a80000)
  to   space 512K, 0% used [0x00000000d5a80000,0x00000000d5a80000,0x00000000d5b00000)
 ParOldGen       total 256000K, used 255785K [0x0000000080000000, 0x000000008fa00000, 0x00000000d5580000)
  object space 256000K, 99% used [0x0000000080000000,0x000000008f9ca490,0x000000008fa00000)
 Metaspace       used 70717K, committed 72448K, reserved 1114112K
  class space    used 7380K, committed 8128K, reserved 1048576K
}
Event: 210.685 GC heap before
{Heap before GC invocations=183 (full 3):
 PSYoungGen      total 5120K, used 4338K [0x00000000d5580000, 0x00000000d5b00000, 0x0000000100000000)
  eden space 4096K, 99% used [0x00000000d5580000,0x00000000d597c858,0x00000000d5980000)
  from space 1024K, 25% used [0x00000000d5980000,0x00000000d59c0000,0x00000000d5a80000)
  to   space 512K, 0% used [0x00000000d5a80000,0x00000000d5a80000,0x00000000d5b00000)
 ParOldGen       total 256000K, used 255785K [0x0000000080000000, 0x000000008fa00000, 0x00000000d5580000)
  object space 256000K, 99% used [0x0000000080000000,0x000000008f9ca490,0x000000008fa00000)
 Metaspace       used 70904K, committed 72576K, reserved 1114112K
  class space    used 7401K, committed 8128K, reserved 1048576K
}
Event: 210.688 GC heap after
{Heap after GC invocations=183 (full 3):
 PSYoungGen      total 4608K, used 432K [0x00000000d5580000, 0x00000000d5b00000, 0x0000000100000000)
  eden space 4096K, 0% used [0x00000000d5580000,0x00000000d5580000,0x00000000d5980000)
  from space 512K, 84% used [0x00000000d5a80000,0x00000000d5aec020,0x00000000d5b00000)
  to   space 512K, 0% used [0x00000000d5a00000,0x00000000d5a00000,0x00000000d5a80000)
 ParOldGen       total 257024K, used 256780K [0x0000000080000000, 0x000000008fb00000, 0x00000000d5580000)
  object space 257024K, 99% used [0x0000000080000000,0x000000008fac31a0,0x000000008fb00000)
 Metaspace       used 70904K, committed 72576K, reserved 1114112K
  class space    used 7401K, committed 8128K, reserved 1048576K
}
Event: 210.711 GC heap before
{Heap before GC invocations=184 (full 3):
 PSYoungGen      total 4608K, used 4528K [0x00000000d5580000, 0x00000000d5b00000, 0x0000000100000000)
  eden space 4096K, 100% used [0x00000000d5580000,0x00000000d5980000,0x00000000d5980000)
  from space 512K, 84% used [0x00000000d5a80000,0x00000000d5aec020,0x00000000d5b00000)
  to   space 512K, 0% used [0x00000000d5a00000,0x00000000d5a00000,0x00000000d5a80000)
 ParOldGen       total 257024K, used 256780K [0x0000000080000000, 0x000000008fb00000, 0x00000000d5580000)
  object space 257024K, 99% used [0x0000000080000000,0x000000008fac31a0,0x000000008fb00000)
 Metaspace       used 70905K, committed 72576K, reserved 1114112K
  class space    used 7401K, committed 8128K, reserved 1048576K
}
Event: 210.712 GC heap after
{Heap after GC invocations=184 (full 3):
 PSYoungGen      total 4608K, used 324K [0x00000000d5580000, 0x00000000d5b00000, 0x0000000100000000)
  eden space 4096K, 0% used [0x00000000d5580000,0x00000000d5580000,0x00000000d5980000)
  from space 512K, 63% used [0x00000000d5a00000,0x00000000d5a510c0,0x00000000d5a80000)
  to   space 512K, 0% used [0x00000000d5a80000,0x00000000d5a80000,0x00000000d5b00000)
 ParOldGen       total 257024K, used 256948K [0x0000000080000000, 0x000000008fb00000, 0x00000000d5580000)
  object space 257024K, 99% used [0x0000000080000000,0x000000008faed1b0,0x000000008fb00000)
 Metaspace       used 70905K, committed 72576K, reserved 1114112K
  class space    used 7401K, committed 8128K, reserved 1048576K
}
Event: 210.898 GC heap before
{Heap before GC invocations=185 (full 3):
 PSYoungGen      total 4608K, used 4420K [0x00000000d5580000, 0x00000000d5b00000, 0x0000000100000000)
  eden space 4096K, 100% used [0x00000000d5580000,0x00000000d5980000,0x00000000d5980000)
  from space 512K, 63% used [0x00000000d5a00000,0x00000000d5a510c0,0x00000000d5a80000)
  to   space 512K, 0% used [0x00000000d5a80000,0x00000000d5a80000,0x00000000d5b00000)
 ParOldGen       total 257024K, used 256948K [0x0000000080000000, 0x000000008fb00000, 0x00000000d5580000)
  object space 257024K, 99% used [0x0000000080000000,0x000000008faed1b0,0x000000008fb00000)
 Metaspace       used 70942K, committed 72640K, reserved 1114112K
  class space    used 7404K, committed 8128K, reserved 1048576K
}
Event: 210.899 GC heap after
{Heap after GC invocations=185 (full 3):
 PSYoungGen      total 4608K, used 320K [0x00000000d5580000, 0x00000000d5b00000, 0x0000000100000000)
  eden space 4096K, 0% used [0x00000000d5580000,0x00000000d5580000,0x00000000d5980000)
  from space 512K, 62% used [0x00000000d5a80000,0x00000000d5ad0000,0x00000000d5b00000)
  to   space 512K, 0% used [0x00000000d5a00000,0x00000000d5a00000,0x00000000d5a80000)
 ParOldGen       total 257024K, used 256980K [0x0000000080000000, 0x000000008fb00000, 0x00000000d5580000)
  object space 257024K, 99% used [0x0000000080000000,0x000000008faf51b0,0x000000008fb00000)
 Metaspace       used 70942K, committed 72640K, reserved 1114112K
  class space    used 7404K, committed 8128K, reserved 1048576K
}
Event: 211.168 GC heap before
{Heap before GC invocations=186 (full 3):
 PSYoungGen      total 4608K, used 4354K [0x00000000d5580000, 0x00000000d5b00000, 0x0000000100000000)
  eden space 4096K, 98% used [0x00000000d5580000,0x00000000d5970928,0x00000000d5980000)
  from space 512K, 62% used [0x00000000d5a80000,0x00000000d5ad0000,0x00000000d5b00000)
  to   space 512K, 0% used [0x00000000d5a00000,0x00000000d5a00000,0x00000000d5a80000)
 ParOldGen       total 257024K, used 256980K [0x0000000080000000, 0x000000008fb00000, 0x00000000d5580000)
  object space 257024K, 99% used [0x0000000080000000,0x000000008faf51b0,0x000000008fb00000)
 Metaspace       used 71658K, committed 73280K, reserved 1114112K
  class space    used 7476K, committed 8192K, reserved 1048576K
}
Event: 211.170 GC heap after
{Heap after GC invocations=186 (full 3):
 PSYoungGen      total 4608K, used 369K [0x00000000d5580000, 0x00000000d5b00000, 0x0000000100000000)
  eden space 4096K, 0% used [0x00000000d5580000,0x00000000d5580000,0x00000000d5980000)
  from space 512K, 72% used [0x00000000d5a00000,0x00000000d5a5c5c8,0x00000000d5a80000)
  to   space 512K, 0% used [0x00000000d5a80000,0x00000000d5a80000,0x00000000d5b00000)
 ParOldGen       total 257536K, used 257116K [0x0000000080000000, 0x000000008fb80000, 0x00000000d5580000)
  object space 257536K, 99% used [0x0000000080000000,0x000000008fb171b0,0x000000008fb80000)
 Metaspace       used 71658K, committed 73280K, reserved 1114112K
  class space    used 7476K, committed 8192K, reserved 1048576K
}
Event: 211.230 GC heap before
{Heap before GC invocations=187 (full 3):
 PSYoungGen      total 4608K, used 4465K [0x00000000d5580000, 0x00000000d5b00000, 0x0000000100000000)
  eden space 4096K, 100% used [0x00000000d5580000,0x00000000d5980000,0x00000000d5980000)
  from space 512K, 72% used [0x00000000d5a00000,0x00000000d5a5c5c8,0x00000000d5a80000)
  to   space 512K, 0% used [0x00000000d5a80000,0x00000000d5a80000,0x00000000d5b00000)
 ParOldGen       total 257536K, used 257116K [0x0000000080000000, 0x000000008fb80000, 0x00000000d5580000)
  object space 257536K, 99% used [0x0000000080000000,0x000000008fb171b0,0x000000008fb80000)
 Metaspace       used 72127K, committed 73728K, reserved 1179648K
  class space    used 7533K, committed 8256K, reserved 1048576K
}
Event: 211.233 GC heap after
{Heap after GC invocations=187 (full 3):
 PSYoungGen      total 4608K, used 160K [0x00000000d5580000, 0x00000000d5b00000, 0x0000000100000000)
  eden space 4096K, 0% used [0x00000000d5580000,0x00000000d5580000,0x00000000d5980000)
  from space 512K, 31% used [0x00000000d5a80000,0x00000000d5aa8000,0x00000000d5b00000)
  to   space 512K, 0% used [0x00000000d5a00000,0x00000000d5a00000,0x00000000d5a80000)
 ParOldGen       total 257536K, used 257355K [0x0000000080000000, 0x000000008fb80000, 0x00000000d5580000)
  object space 257536K, 99% used [0x0000000080000000,0x000000008fb52d90,0x000000008fb80000)
 Metaspace       used 72127K, committed 73728K, reserved 1179648K
  class space    used 7533K, committed 8256K, reserved 1048576K
}
Event: 211.305 GC heap before
{Heap before GC invocations=188 (full 3):
 PSYoungGen      total 4608K, used 4256K [0x00000000d5580000, 0x00000000d5b00000, 0x0000000100000000)
  eden space 4096K, 100% used [0x00000000d5580000,0x00000000d5980000,0x00000000d5980000)
  from space 512K, 31% used [0x00000000d5a80000,0x00000000d5aa8000,0x00000000d5b00000)
  to   space 512K, 0% used [0x00000000d5a00000,0x00000000d5a00000,0x00000000d5a80000)
 ParOldGen       total 257536K, used 257355K [0x0000000080000000, 0x000000008fb80000, 0x00000000d5580000)
  object space 257536K, 99% used [0x0000000080000000,0x000000008fb52d90,0x000000008fb80000)
 Metaspace       used 72710K, committed 74368K, reserved 1179648K
  class space    used 7597K, committed 8320K, reserved 1048576K
}
Event: 211.307 GC heap after
{Heap after GC invocations=188 (full 3):
 PSYoungGen      total 4608K, used 224K [0x00000000d5580000, 0x00000000d5b00000, 0x0000000100000000)
  eden space 4096K, 0% used [0x00000000d5580000,0x00000000d5580000,0x00000000d5980000)
  from space 512K, 43% used [0x00000000d5a00000,0x00000000d5a38000,0x00000000d5a80000)
  to   space 512K, 0% used [0x00000000d5a80000,0x00000000d5a80000,0x00000000d5b00000)
 ParOldGen       total 257536K, used 257411K [0x0000000080000000, 0x000000008fb80000, 0x00000000d5580000)
  object space 257536K, 99% used [0x0000000080000000,0x000000008fb60d90,0x000000008fb80000)
 Metaspace       used 72710K, committed 74368K, reserved 1179648K
  class space    used 7597K, committed 8320K, reserved 1048576K
}
Event: 211.371 GC heap before
{Heap before GC invocations=189 (full 3):
 PSYoungGen      total 4608K, used 4318K [0x00000000d5580000, 0x00000000d5b00000, 0x0000000100000000)
  eden space 4096K, 99% used [0x00000000d5580000,0x00000000d597fa00,0x00000000d5980000)
  from space 512K, 43% used [0x00000000d5a00000,0x00000000d5a38000,0x00000000d5a80000)
  to   space 512K, 0% used [0x00000000d5a80000,0x00000000d5a80000,0x00000000d5b00000)
 ParOldGen       total 257536K, used 257411K [0x0000000080000000, 0x000000008fb80000, 0x00000000d5580000)
  object space 257536K, 99% used [0x0000000080000000,0x000000008fb60d90,0x000000008fb80000)
 Metaspace       used 73006K, committed 74624K, reserved 1179648K
  class space    used 7675K, committed 8384K, reserved 1048576K
}
Event: 211.372 GC heap after
{Heap after GC invocations=189 (full 3):
 PSYoungGen      total 4608K, used 160K [0x00000000d5580000, 0x00000000d5b00000, 0x0000000100000000)
  eden space 4096K, 0% used [0x00000000d5580000,0x00000000d5580000,0x00000000d5980000)
  from space 512K, 31% used [0x00000000d5a80000,0x00000000d5aa8000,0x00000000d5b00000)
  to   space 512K, 0% used [0x00000000d5a00000,0x00000000d5a00000,0x00000000d5a80000)
 ParOldGen       total 257536K, used 257523K [0x0000000080000000, 0x000000008fb80000, 0x00000000d5580000)
  object space 257536K, 99% used [0x0000000080000000,0x000000008fb7cdc0,0x000000008fb80000)
 Metaspace       used 73006K, committed 74624K, reserved 1179648K
  class space    used 7675K, committed 8384K, reserved 1048576K
}
Event: 211.437 GC heap before
{Heap before GC invocations=190 (full 3):
 PSYoungGen      total 4608K, used 4256K [0x00000000d5580000, 0x00000000d5b00000, 0x0000000100000000)
  eden space 4096K, 100% used [0x00000000d5580000,0x00000000d5980000,0x00000000d5980000)
  from space 512K, 31% used [0x00000000d5a80000,0x00000000d5aa8000,0x00000000d5b00000)
  to   space 512K, 0% used [0x00000000d5a00000,0x00000000d5a00000,0x00000000d5a80000)
 ParOldGen       total 257536K, used 257523K [0x0000000080000000, 0x000000008fb80000, 0x00000000d5580000)
  object space 257536K, 99% used [0x0000000080000000,0x000000008fb7cdc0,0x000000008fb80000)
 Metaspace       used 73403K, committed 75072K, reserved 1179648K
  class space    used 7755K, committed 8512K, reserved 1048576K
}
Event: 211.439 GC heap after
{Heap after GC invocations=190 (full 3):
 PSYoungGen      total 4608K, used 314K [0x00000000d5580000, 0x00000000d5b00000, 0x0000000100000000)
  eden space 4096K, 0% used [0x00000000d5580000,0x00000000d5580000,0x00000000d5980000)
  from space 512K, 61% used [0x00000000d5a00000,0x00000000d5a4ea58,0x00000000d5a80000)
  to   space 512K, 0% used [0x00000000d5a80000,0x00000000d5a80000,0x00000000d5b00000)
 ParOldGen       total 258048K, used 257587K [0x0000000080000000, 0x000000008fc00000, 0x00000000d5580000)
  object space 258048K, 99% used [0x0000000080000000,0x000000008fb8cdc0,0x000000008fc00000)
 Metaspace       used 73403K, committed 75072K, reserved 1179648K
  class space    used 7755K, committed 8512K, reserved 1048576K
}
Event: 213.814 GC heap before
{Heap before GC invocations=191 (full 3):
 PSYoungGen      total 4608K, used 4410K [0x00000000d5580000, 0x00000000d5b00000, 0x0000000100000000)
  eden space 4096K, 100% used [0x00000000d5580000,0x00000000d5980000,0x00000000d5980000)
  from space 512K, 61% used [0x00000000d5a00000,0x00000000d5a4ea58,0x00000000d5a80000)
  to   space 512K, 0% used [0x00000000d5a80000,0x00000000d5a80000,0x00000000d5b00000)
 ParOldGen       total 258048K, used 257587K [0x0000000080000000, 0x000000008fc00000, 0x00000000d5580000)
  object space 258048K, 99% used [0x0000000080000000,0x000000008fb8cdc0,0x000000008fc00000)
 Metaspace       used 73947K, committed 75648K, reserved 1179648K
  class space    used 7820K, committed 8576K, reserved 1048576K
}
Event: 213.817 GC heap after
{Heap after GC invocations=191 (full 3):
 PSYoungGen      total 4608K, used 352K [0x00000000d5580000, 0x00000000d5b00000, 0x0000000100000000)
  eden space 4096K, 0% used [0x00000000d5580000,0x00000000d5580000,0x00000000d5980000)
  from space 512K, 68% used [0x00000000d5a80000,0x00000000d5ad8000,0x00000000d5b00000)
  to   space 512K, 0% used [0x00000000d5a00000,0x00000000d5a00000,0x00000000d5a80000)
 ParOldGen       total 258048K, used 257683K [0x0000000080000000, 0x000000008fc00000, 0x00000000d5580000)
  object space 258048K, 99% used [0x0000000080000000,0x000000008fba4dc0,0x000000008fc00000)
 Metaspace       used 73947K, committed 75648K, reserved 1179648K
  class space    used 7820K, committed 8576K, reserved 1048576K
}

